<?xml version="1.0" encoding="UTF-8"?>
<testsuite name="com.br.alertatrilhonotification.controller.LineNotificationControllerTest" tests="1" skipped="0" failures="0" errors="0" timestamp="2023-10-04T00:16:22" hostname="DELL-G15" time="0.849">
  <properties/>
  <testcase name="createDelayWithNullLine()" classname="com.br.alertatrilhonotification.controller.LineNotificationControllerTest" time="0.849"/>
  <system-out><![CDATA[]]></system-out>
  <system-err><![CDATA[]]></system-err>
</testsuite>
